

*******************************************************************************
Tue Apr 22 01:38:37 2025


FIT:    data read from 'Fit_Check_CBM0.png' using 1:2
        format = x:z
BREAK: No data to fit

*******************************************************************************
Tue Apr 22 01:38:54 2025


FIT:    data read from 'Fit_Points_CBM0.txt' using 1:2
        format = x:z
        #datapoints = 9
        residuals are weighted equally (unit weight)

function used for fitting: f(x)
	f(x) = a*x**2 + b*x + c
fitted parameters initialized with current variable values

iter      chisq       delta/lim  lambda   a             b             c            
   0 5.0778614553e+00   0.00e+00  6.92e-01    1.000000e+00   1.000000e+00   1.000000e+00
   7 1.3639646352e-08  -5.90e-06  6.92e-08    2.031988e+01  -2.351187e+01   7.941597e+00

After 7 iterations the fit converged.
final sum of squares of residuals : 1.36396e-08
rel. change during last iteration : -5.89757e-11

degrees of freedom    (FIT_NDF)                        : 6
rms of residuals      (FIT_STDFIT) = sqrt(WSSR/ndf)    : 4.76789e-05
variance of residuals (reduced chisquare) = WSSR/ndf   : 2.27327e-09

Final set of parameters            Asymptotic Standard Error
=======================            ==========================
a               = 20.3199          +/- 0.0248       (0.1221%)
b               = -23.5119         +/- 0.0284       (0.1208%)
c               = 7.9416           +/- 0.008117     (0.1022%)

correlation matrix of the fit parameters:
                a      b      c      
a               1.000 
b              -1.000  1.000 
c               0.999 -1.000  1.000 
